<?xml version="1.0" encoding="UTF-8"?>
<!-- Generated by org.testng.reporters.JUnitReportReporter -->
<testsuite hostname="DESKTOP-2GD8KKD" failures="0" tests="1" name="Com.hrms.Testscript.TC001" time="11.205" errors="0" timestamp="19 Mar 2024 17:06:50 GMT">
  <testcase classname="Com.hrms.Testscript.TC001" name="tc001" time="11.205"/>
</testsuite> <!-- Com.hrms.Testscript.TC001 -->
